<?xml version="1.0" encoding="utf-8"?><testsuites><testsuite name="pytest" errors="0" failures="0" skipped="0" tests="4" time="1.754" timestamp="2026-07-10T16:14:00.846978-07:00" hostname="dimensional-67oe"><testcase classname="dimos.mapping.floorplan.test_generator" name="test_generate_floorplan_from_injected_model" time="0.346" /><testcase classname="dimos.mapping.floorplan.test_generator" name="test_generate_floorplan_save_3d_model" time="0.202" /><testcase classname="dimos.skills.mapping.test_floorplan_skill" name="test_skill_registers_with_schema" time="0.260" /><testcase classname="dimos.skills.mapping.test_floorplan_skill" name="test_skill_fails_gracefully_on_missing_recording" time="0.103" /></testsuite></testsuites>