<?xml version="1.0" encoding="utf-8"?><testsuites><testsuite name="pytest" errors="0" failures="0" skipped="0" tests="7" time="1.157" timestamp="2026-07-13T11:01:32.443636-07:00" hostname="dimensional-67oe"><testcase classname="dimos.mapping.pointclouds.test_live" name="test_empty_snapshot_is_zero_by_three" time="0.001" /><testcase classname="dimos.mapping.pointclouds.test_live" name="test_lidar_chunks_accumulate" time="0.000" /><testcase classname="dimos.mapping.pointclouds.test_live" name="test_global_map_included_alongside_lidar_chunks" time="0.000" /><testcase classname="dimos.mapping.pointclouds.test_live" name="test_global_map_is_latest_wins" time="0.000" /><testcase classname="dimos.mapping.pointclouds.test_live" name="test_clear_drops_lidar_chunks_but_keeps_global_map" time="0.000" /><testcase classname="dimos.mapping.pointclouds.test_live" name="test_empty_pointcloud_message_is_ignored" time="0.000" /><testcase classname="dimos.skills.skill_verification.test_03_lidar_to_numpy" name="test_lidar_snapshot_accumulates_numpy_cloud" time="0.272" /></testsuite></testsuites>