<?xml version="1.0" encoding="utf-8"?><testsuites><testsuite name="pytest" errors="0" failures="0" skipped="0" tests="35" time="2.129" timestamp="2026-07-14T15:39:01.456002-07:00" hostname="dimensional-67oe"><testcase classname="dimos.skills.skill_verification.test_03_lidar_to_numpy" name="test_lidar_snapshot_accumulates_numpy_cloud" time="0.294" /><testcase classname="dimos.mapping.pointclouds.test_signals" name="test_as_xyz_rejects_wrong_shape" time="0.000" /><testcase classname="dimos.mapping.pointclouds.test_signals" name="test_crop_keeps_only_inside_box" time="0.000" /><testcase classname="dimos.mapping.pointclouds.test_signals" name="test_filter_height_band" time="0.000" /><testcase classname="dimos.mapping.pointclouds.test_signals" name="test_voxel_downsample_collapses_duplicates" time="0.001" /><testcase classname="dimos.mapping.pointclouds.test_signals" name="test_extents_recovers_room_dimensions" time="0.001" /><testcase classname="dimos.mapping.pointclouds.test_signals" name="test_extents_empty_raises" time="0.000" /><testcase classname="dimos.mapping.pointclouds.test_signals" name="test_ground_height_finds_floor" time="0.001" /><testcase classname="dimos.mapping.pointclouds.test_signals" name="test_nearest_obstacle_distance" time="0.001" /><testcase classname="dimos.mapping.pointclouds.test_signals" name="test_nearest_obstacle_height_band_ignores_floor" time="0.000" /><testcase classname="dimos.mapping.pointclouds.test_signals" name="test_nearest_obstacle_empty_is_inf" time="0.000" /><testcase classname="dimos.mapping.pointclouds.test_signals" name="test_clearance_cone_direction" time="0.000" /><testcase classname="dimos.mapping.pointclouds.test_signals" name="test_region_is_clear" time="0.000" /><testcase classname="dimos.mapping.pointclouds.test_signals" name="test_occupancy_grid_shape_and_perimeter" time="0.001" /><testcase classname="dimos.mapping.pointclouds.test_signals" name="test_occupancy_grid_fixed_bounds_handles_empty" time="0.000" /><testcase classname="dimos.mapping.pointclouds.test_signals" name="test_height_map_max_z_per_cell" time="0.000" /><testcase classname="dimos.mapping.pointclouds.test_signals" name="test_coverage_area_matches_occupied_cells" time="0.000" /><testcase classname="dimos.mapping.pointclouds.test_signals" name="test_coverage_area_empty_is_zero" time="0.000" /><testcase classname="dimos.mapping.pointclouds.test_live" name="test_empty_snapshot_is_zero_by_three" time="0.000" /><testcase classname="dimos.mapping.pointclouds.test_live" name="test_lidar_chunks_accumulate" time="0.000" /><testcase classname="dimos.mapping.pointclouds.test_live" name="test_global_map_included_alongside_lidar_chunks" time="0.000" /><testcase classname="dimos.mapping.pointclouds.test_live" name="test_global_map_is_latest_wins" time="0.000" /><testcase classname="dimos.mapping.pointclouds.test_live" name="test_clear_drops_lidar_chunks_but_keeps_global_map" time="0.000" /><testcase classname="dimos.mapping.pointclouds.test_live" name="test_empty_pointcloud_message_is_ignored" time="0.000" /><testcase classname="dimos.mapping.pointclouds.test_live" name="test_client_extents_over_snapshot" time="0.000" /><testcase classname="dimos.mapping.pointclouds.test_live" name="test_client_nearest_obstacle_and_clearance" time="0.000" /><testcase classname="dimos.mapping.pointclouds.test_live" name="test_client_coverage_summary_reports_none_area_when_empty" time="0.000" /><testcase classname="dimos.skills.mapping.test_lidar_signal_skills" name="test_measure_space_reports_dimensions" time="0.113" /><testcase classname="dimos.skills.mapping.test_lidar_signal_skills" name="test_measure_space_ignores_stray_returns" time="0.105" /><testcase classname="dimos.skills.mapping.test_lidar_signal_skills" name="test_measure_space_no_data" time="0.104" /><testcase classname="dimos.skills.mapping.test_lidar_signal_skills" name="test_nearest_obstacle_needs_odom" time="0.103" /><testcase classname="dimos.skills.mapping.test_lidar_signal_skills" name="test_nearest_obstacle_from_robot_pose" time="0.103" /><testcase classname="dimos.skills.mapping.test_lidar_signal_skills" name="test_check_clearance_uses_robot_heading" time="0.103" /><testcase classname="dimos.skills.mapping.test_lidar_signal_skills" name="test_check_clearance_explicit_heading" time="0.103" /><testcase classname="dimos.skills.mapping.test_lidar_signal_skills" name="test_coverage_report" time="0.104" /></testsuite></testsuites>