<?xml version="1.0" encoding="utf-8"?><testsuites><testsuite name="pytest" errors="0" failures="0" skipped="0" tests="2" time="3.121" timestamp="2026-07-14T15:37:53.213190-07:00" hostname="dimensional-67oe"><testcase classname="dimos.skills.skill_verification.test_02_identify_locate" name="test_lidar_localization_places_objects_at_world_centers" time="0.229" /><testcase classname="dimos.skills.skill_verification.test_02_identify_locate" name="test_list_observed_items_catalogs_the_scene" time="0.209" /></testsuite></testsuites>