<?xml version="1.0" encoding="utf-8"?><testsuites><testsuite name="pytest" errors="0" failures="0" skipped="0" tests="40" time="8.098" timestamp="2026-07-13T11:43:38.371630-07:00" hostname="dimensional-67oe"><testcase classname="dimos.perception.test_object_scene_registration" name="test_object_db_runs_on_stream_time_not_wall_clock" time="0.008" /><testcase classname="dimos.perception.test_object_scene_registration" name="test_object_db_stream_time_still_prunes_stale_pending" time="0.001" /><testcase classname="dimos.perception.test_object_scene_registration" name="test_to_detection3d_msg_survives_flat_pointcloud" time="0.004" /><testcase classname="dimos.perception.test_object_scene_registration" name="test_locate_encode_includes_world_position_and_confidence" time="0.001" /><testcase classname="dimos.perception.test_object_scene_registration" name="test_from_2d_to_list_lidar_places_blob_at_world_center" time="0.003" /><testcase classname="dimos.perception.test_object_scene_registration" name="test_from_2d_to_list_lidar_ignores_detection_with_no_points" time="0.002" /><testcase classname="dimos.perception.test_object_scene_registration" name="test_list_observed_items_reports_positions" time="0.106" /><testcase classname="dimos.perception.test_object_scene_registration" name="test_list_observed_items_empty" time="0.104" /><testcase classname="dimos.perception.test_object_scene_registration" name="test_get_located_objects_permanent_only_by_default" time="0.105" /><testcase classname="dimos.perception.test_object_scene_registration" name="test_catalog_scene_without_spatial_memory_is_objects_only" time="0.104" /><testcase classname="dimos.perception.test_object_scene_registration" name="test_catalog_scene_fuses_tagged_places_and_nearest_annotation" time="0.107" /><testcase classname="dimos.perception.test_object_scene_registration" name="test_catalog_scene_place_beyond_radius_not_attached" time="0.108" /><testcase classname="dimos.perception.test_object_scene_registration" name="test_nearest_place_gating" time="0.107" /><testcase classname="dimos.perception.test_object_scene_registration" name="test_locate_matches_catalogued_object" time="0.106" /><testcase classname="dimos.perception.test_object_scene_registration" name="test_locate_falls_back_to_tagged_place" time="0.105" /><testcase classname="dimos.perception.test_object_scene_registration" name="test_locate_semantic_recall_when_confident" time="0.103" /><testcase classname="dimos.perception.test_object_scene_registration" name="test_locate_semantic_recall_below_threshold_reports_not_found" time="0.105" /><testcase classname="dimos.perception.test_object_scene_registration" name="test_locate_without_spatial_memory" time="0.104" /><testcase classname="dimos.perception.test_object_scene_registration" name="test_spatial_vector_db_get_tagged_locations_roundtrip" time="1.273" /><testcase classname="dimos.perception.test_contextual_labeling" name="test_is_ambiguous_low_confidence" time="0.002" /><testcase classname="dimos.perception.test_contextual_labeling" name="test_is_ambiguous_generic_or_classid_name" time="0.002" /><testcase classname="dimos.perception.test_contextual_labeling" name="test_confident_specific_name_is_not_ambiguous" time="0.001" /><testcase classname="dimos.perception.test_contextual_labeling" name="test_prompt_includes_detector_guess_size_and_neighbors" time="0.002" /><testcase classname="dimos.perception.test_contextual_labeling" name="test_describe_neighbors_sorted_and_excludes_self" time="0.002" /><testcase classname="dimos.perception.test_contextual_labeling" name="test_describe_neighbors_caps_count" time="0.007" /><testcase classname="dimos.perception.test_contextual_labeling" name="test_contextual_label_happy_path" time="0.001" /><testcase classname="dimos.perception.test_contextual_labeling" name="test_contextual_label_clamps_and_defaults_confidence" time="0.002" /><testcase classname="dimos.perception.test_contextual_labeling" name="test_contextual_label_rejects_bad_responses" time="0.002" /><testcase classname="dimos.perception.test_contextual_labeling" name="test_contextual_label_requires_image" time="0.001" /><testcase classname="dimos.perception.test_contextual_labeling" name="test_display_name_prefers_refined" time="0.001" /><testcase classname="dimos.perception.test_contextual_labeling" name="test_locate_encode_surfaces_refined_name_and_detector_name" time="0.001" /><testcase classname="dimos.perception.test_contextual_labeling" name="test_update_object_preserves_refinement" time="0.001" /><testcase classname="dimos.perception.test_contextual_labeling" name="test_identify_object_skill_refines_and_persists" time="0.105" /><testcase classname="dimos.perception.test_contextual_labeling" name="test_identify_object_skill_unknown_id" time="0.106" /><testcase classname="dimos.perception.test_contextual_labeling" name="test_refine_observed_labels_only_targets_ambiguous" time="0.106" /><testcase classname="dimos.perception.test_contextual_labeling" name="test_refine_observed_labels_nothing_to_do" time="0.106" /><testcase classname="dimos.perception.test_contextual_labeling" name="test_catalog_scene_refines_then_lists" time="0.104" /><testcase classname="dimos.perception.test_contextual_labeling" name="test_catalog_scene_empty_scene" time="0.105" /><testcase classname="dimos.skills.skill_verification.test_02_identify_locate" name="test_lidar_localization_places_objects_at_world_centers" time="0.455" /><testcase classname="dimos.skills.skill_verification.test_02_identify_locate" name="test_list_observed_items_catalogs_the_scene" time="0.214" /></testsuite></testsuites>