<?xml version="1.0" encoding="utf-8"?><testsuites><testsuite name="pytest" errors="0" failures="0" skipped="0" tests="21" time="3.506" timestamp="2026-07-13T11:02:10.555741-07:00" hostname="dimensional-67oe"><testcase classname="dimos.perception.test_contextual_labeling" name="test_is_ambiguous_low_confidence" time="0.006" /><testcase classname="dimos.perception.test_contextual_labeling" name="test_is_ambiguous_generic_or_classid_name" time="0.001" /><testcase classname="dimos.perception.test_contextual_labeling" name="test_confident_specific_name_is_not_ambiguous" time="0.000" /><testcase classname="dimos.perception.test_contextual_labeling" name="test_prompt_includes_detector_guess_size_and_neighbors" time="0.001" /><testcase classname="dimos.perception.test_contextual_labeling" name="test_describe_neighbors_sorted_and_excludes_self" time="0.001" /><testcase classname="dimos.perception.test_contextual_labeling" name="test_describe_neighbors_caps_count" time="0.002" /><testcase classname="dimos.perception.test_contextual_labeling" name="test_contextual_label_happy_path" time="0.000" /><testcase classname="dimos.perception.test_contextual_labeling" name="test_contextual_label_clamps_and_defaults_confidence" time="0.001" /><testcase classname="dimos.perception.test_contextual_labeling" name="test_contextual_label_rejects_bad_responses" time="0.001" /><testcase classname="dimos.perception.test_contextual_labeling" name="test_contextual_label_requires_image" time="0.000" /><testcase classname="dimos.perception.test_contextual_labeling" name="test_display_name_prefers_refined" time="0.000" /><testcase classname="dimos.perception.test_contextual_labeling" name="test_locate_encode_surfaces_refined_name_and_detector_name" time="0.000" /><testcase classname="dimos.perception.test_contextual_labeling" name="test_update_object_preserves_refinement" time="0.001" /><testcase classname="dimos.perception.test_contextual_labeling" name="test_identify_object_skill_refines_and_persists" time="0.103" /><testcase classname="dimos.perception.test_contextual_labeling" name="test_identify_object_skill_unknown_id" time="0.103" /><testcase classname="dimos.perception.test_contextual_labeling" name="test_refine_observed_labels_only_targets_ambiguous" time="0.102" /><testcase classname="dimos.perception.test_contextual_labeling" name="test_refine_observed_labels_nothing_to_do" time="0.102" /><testcase classname="dimos.perception.test_contextual_labeling" name="test_catalog_scene_refines_then_lists" time="0.103" /><testcase classname="dimos.perception.test_contextual_labeling" name="test_catalog_scene_empty_scene" time="0.102" /><testcase classname="dimos.skills.skill_verification.test_05_contextual_labeling" name="test_prompt_carries_neighbor_and_size_context" time="0.001" /><testcase classname="dimos.skills.skill_verification.test_05_contextual_labeling" name="test_refine_only_relabels_ambiguous_and_report" time="0.109" /></testsuite></testsuites>