<?xml version="1.0" encoding="utf-8"?><testsuites><testsuite name="pytest" errors="0" failures="0" skipped="0" tests="2" time="2.806" timestamp="2026-07-14T15:37:58.177963-07:00" hostname="dimensional-67oe"><testcase classname="dimos.skills.skill_verification.test_05_contextual_labeling" name="test_prompt_carries_neighbor_and_size_context" time="0.005" /><testcase classname="dimos.skills.skill_verification.test_05_contextual_labeling" name="test_refine_only_relabels_ambiguous_and_report" time="0.110" /></testsuite></testsuites>