<?xml version="1.0" encoding="utf-8"?><testsuites><testsuite name="pytest" errors="0" failures="0" skipped="0" tests="18" time="2.547" timestamp="2026-07-13T11:02:16.062121-07:00" hostname="dimensional-67oe"><testcase classname="dimos.mapping.reconstruction.test_scene_model" name="test_horizontal_section_shows_walls_not_table" time="0.001" /><testcase classname="dimos.mapping.reconstruction.test_scene_model" name="test_horizontal_section_at_table_height_shows_table" time="0.001" /><testcase classname="dimos.mapping.reconstruction.test_scene_model" name="test_vertical_section_profile" time="0.001" /><testcase classname="dimos.mapping.reconstruction.test_scene_model" name="test_empty_section_is_well_formed" time="0.000" /><testcase classname="dimos.mapping.reconstruction.test_scene_model" name="test_section_save_png" time="0.262" /><testcase classname="dimos.mapping.reconstruction.test_scene_model" name="test_quat_identity_and_yaw" time="0.000" /><testcase classname="dimos.mapping.reconstruction.test_scene_model" name="test_colors_default_uncolored" time="0.001" /><testcase classname="dimos.mapping.reconstruction.test_scene_model" name="test_to_pointcloud_downsamples" time="0.001" /><testcase classname="dimos.mapping.reconstruction.test_scene_model" name="test_sections_with_shared_bounds_are_aligned" time="0.001" /><testcase classname="dimos.mapping.reconstruction.test_scene_model" name="test_save_mesh_formats" time="0.320" /><testcase classname="dimos.mapping.reconstruction.test_scene_model" name="test_voxel_occupancy_dims_and_origin" time="0.002" /><testcase classname="dimos.mapping.reconstruction.test_scene_model" name="test_voxel_slab_aligns_with_section" time="0.002" /><testcase classname="dimos.mapping.reconstruction.test_scene_model" name="test_closed_region_seals_gap" time="0.003" /><testcase classname="dimos.mapping.reconstruction.test_scene_model" name="test_closed_region_interior_area" time="0.002" /><testcase classname="dimos.mapping.reconstruction.test_scene_model" name="test_room_loops_closed" time="0.002" /><testcase classname="dimos.mapping.reconstruction.test_scene_model" name="test_closed_region_intact_room_no_bridging" time="0.002" /><testcase classname="dimos.mapping.reconstruction.test_scene_model" name="test_save_rerun_sliceable" time="0.120" /><testcase classname="dimos.skills.skill_verification.test_08_scene_model" name="test_scene_model_sections_and_exports" time="0.741" /></testsuite></testsuites>